[ingest] reading /mnt/common/cvazquezperezdelacru/faiss/slurm_bench/work/ondisk_nb100M.index (mmap)
[ingest] nlist=16384 code_size=512 ntotal=100000000
[97m/project/context-runtime/src/manager.cc:128 INFO 1073194 ClientInit RuntimeManager::ClientInit[0m
[97m/project/context-runtime/src/config_manager.cc:58 INFO 1073194 ClientInit Config at: /home/cvazquezperezdelacru/.clio/clio.yaml[0m
[97m/project/context-runtime/src/ipc_manager.cc:141 INFO 1073194 ClientInit IpcManager::ClientInit: IPC mode = TCP[0m
[97m/project/context-runtime/src/ipc_manager.cc:152 INFO 1073194 ClientInit IpcManager::ClientInit: retry_timeout = 60s[0m
[97m/project/context-runtime/src/ipc_manager.cc:160 INFO 1073194 ClientInit IpcManager::ClientInit: try_new_servers = 0[0m
[97m/project/context-runtime/src/../../context-transport-primitives/include/clio_ctp/lightbeam/zmq_transport.h:139 INFO 1073194 GetSharedContext [ZeroMqTransport] Created shared context with 8 I/O threads[0m
[97m/project/context-runtime/src/ipc_manager.cc:218 INFO 1073194 ClientInit IpcManager: DEALER transport connected to port 9416[0m
[97m/project/context-runtime/src/ipc_manager.cc:852 INFO 1073194 WaitForLocalServer Waiting for runtime via lightbeam (timeout=30s)[0m
[97m/project/context-runtime/src/ipc_manager.cc:944 INFO 1073194 WaitForLocalServer Successfully connected to runtime (generation=3421101631945909, server_pid=1073090)[0m
[97m/project/context-runtime/src/manager.cc:166 INFO 1073194 ClientInit ClientInit: Creating admin client with kAdminPoolId=PoolId(major:1, minor:0)[0m
[97m/project/context-runtime/src/manager.cc:169 INFO 1073194 ClientInit ClientInit: Admin client created, pool_id_=PoolId(major:1, minor:0)[0m
[ingest] 1024 lists, 3.03 GiB
[ingest] 2048 lists, 6.08 GiB
[ingest] 3072 lists, 9.06 GiB
[ingest] 4096 lists, 12.05 GiB
[ingest] 5120 lists, 15.13 GiB
[ingest] 6144 lists, 18.09 GiB
[ingest] 7168 lists, 21.04 GiB
[ingest] 8192 lists, 24.09 GiB
[ingest] 9216 lists, 27.13 GiB
[ingest] 10240 lists, 30.15 GiB
[ingest] 11264 lists, 33.20 GiB
[ingest] 12288 lists, 36.17 GiB
[ingest] 13312 lists, 39.22 GiB
[ingest] 14336 lists, 42.30 GiB
[ingest] 15360 lists, 45.42 GiB
[ingest] 16384 lists, 48.43 GiB
[ingest] done: 16384 non-empty lists, 48.43 GiB compact (tag faiss_ivf::ondisk_nb100M)
[verify] PASS — 16 lists byte-identical
