[ingest] reading /mnt/common/cvazquezperezdelacru/faiss/slurm_bench/work/ondisk_step3_nb178M.index (mmap)
[ingest] nlist=16384 code_size=512 ntotal=178000000
[97m/project/context-runtime/src/manager.cc:128 INFO 1075448 ClientInit RuntimeManager::ClientInit[0m
[97m/project/context-runtime/src/config_manager.cc:58 INFO 1075448 ClientInit Config at: /home/cvazquezperezdelacru/.clio/clio.yaml[0m
[97m/project/context-runtime/src/ipc_manager.cc:141 INFO 1075448 ClientInit IpcManager::ClientInit: IPC mode = TCP[0m
[97m/project/context-runtime/src/ipc_manager.cc:152 INFO 1075448 ClientInit IpcManager::ClientInit: retry_timeout = 60s[0m
[97m/project/context-runtime/src/ipc_manager.cc:160 INFO 1075448 ClientInit IpcManager::ClientInit: try_new_servers = 0[0m
[97m/project/context-runtime/src/../../context-transport-primitives/include/clio_ctp/lightbeam/zmq_transport.h:139 INFO 1075448 GetSharedContext [ZeroMqTransport] Created shared context with 8 I/O threads[0m
[97m/project/context-runtime/src/ipc_manager.cc:218 INFO 1075448 ClientInit IpcManager: DEALER transport connected to port 9416[0m
[97m/project/context-runtime/src/ipc_manager.cc:852 INFO 1075448 WaitForLocalServer Waiting for runtime via lightbeam (timeout=30s)[0m
[97m/project/context-runtime/src/ipc_manager.cc:944 INFO 1075448 WaitForLocalServer Successfully connected to runtime (generation=3421662951611756, server_pid=1075365)[0m
[97m/project/context-runtime/src/manager.cc:166 INFO 1075448 ClientInit ClientInit: Creating admin client with kAdminPoolId=PoolId(major:1, minor:0)[0m
[97m/project/context-runtime/src/manager.cc:169 INFO 1075448 ClientInit ClientInit: Admin client created, pool_id_=PoolId(major:1, minor:0)[0m
[ingest] 1024 lists, 5.39 GiB
[ingest] 2048 lists, 10.83 GiB
[ingest] 3072 lists, 16.12 GiB
[ingest] 4096 lists, 21.44 GiB
[ingest] 5120 lists, 26.93 GiB
[ingest] 6144 lists, 32.20 GiB
[ingest] 7168 lists, 37.44 GiB
[ingest] 8192 lists, 42.89 GiB
[ingest] 9216 lists, 48.28 GiB
[ingest] 10240 lists, 53.66 GiB
[ingest] 11264 lists, 59.09 GiB
[ingest] 12288 lists, 64.38 GiB
[ingest] 13312 lists, 69.81 GiB
[ingest] 14336 lists, 75.29 GiB
[ingest] 15360 lists, 80.85 GiB
[ingest] 16384 lists, 86.20 GiB
[ingest] done: 16384 non-empty lists, 86.20 GiB compact (tag faiss_ivf::ondisk_step3_nb178M)
[verify] PASS — 16 lists byte-identical
